<?xml version="1.0" encoding="UTF-8"?>
<!-- Generated by org.testng.reporters.JUnitReportReporter -->
<testsuite hostname="Kpoudel" failures="0" tests="1" name="com.inet_Banking.testCases.TC_LoginTest_001" time="14.067" errors="0" timestamp="2020-02-28T15:02:48 NPT" skipped="0">
  <testcase classname="com.inet_Banking.testCases.TC_LoginTest_001" name="loginTest" time="14.067"/>
  <system-out/>
</testsuite> <!-- com.inet_Banking.testCases.TC_LoginTest_001 -->
