<?xml version="1.0" encoding="UTF-8"?>
<!-- Generated by org.testng.reporters.JUnitReportReporter -->
<testsuite hostname="Kpoudel" failures="0" tests="1" name="com.inet_Banking.testCases.TC_NewCustomerTest_003" time="15.412" errors="0" timestamp="2020-03-05T21:14:36 NPT" skipped="0">
  <testcase classname="com.inet_Banking.testCases.TC_NewCustomerTest_003" name="NewCustomerTest" time="15.412"/>
  <system-out/>
</testsuite> <!-- com.inet_Banking.testCases.TC_NewCustomerTest_003 -->
